c:\users\user\source\repos\bootcampwinapi\250306_tankdefense\x64\debug\vc143.pdb
c:\users\user\source\repos\bootcampwinapi\250306_tankdefense\x64\debug\vc143.idb
c:\users\user\source\repos\bootcampwinapi\250306_tankdefense\x64\debug\tank.obj
c:\users\user\source\repos\bootcampwinapi\250306_tankdefense\x64\debug\missile.obj
c:\users\user\source\repos\bootcampwinapi\250306_tankdefense\x64\debug\maingame.obj
c:\users\user\source\repos\bootcampwinapi\250306_tankdefense\x64\debug\gameobject.obj
c:\users\user\source\repos\bootcampwinapi\250306_tankdefense\x64\debug\main.obj
c:\users\user\source\repos\bootcampwinapi\x64\debug\250306_tankdefense.exe
c:\users\user\source\repos\bootcampwinapi\x64\debug\250306_tankdefense.pdb
c:\users\user\source\repos\bootcampwinapi\250306_tankdefense\x64\debug\250306_tankdefense.res
c:\users\user\source\repos\bootcampwinapi\250306_tankdefense\x64\debug\250306_tankdefense.ilk
c:\users\user\source\repos\bootcampwinapi\250306_tankdefense\x64\debug\250306_t.063909cb.tlog\cl.command.1.tlog
c:\users\user\source\repos\bootcampwinapi\250306_tankdefense\x64\debug\250306_t.063909cb.tlog\cl.items.tlog
c:\users\user\source\repos\bootcampwinapi\250306_tankdefense\x64\debug\250306_t.063909cb.tlog\cl.read.1.tlog
c:\users\user\source\repos\bootcampwinapi\250306_tankdefense\x64\debug\250306_t.063909cb.tlog\cl.write.1.tlog
c:\users\user\source\repos\bootcampwinapi\250306_tankdefense\x64\debug\250306_t.063909cb.tlog\link.command.1.tlog
c:\users\user\source\repos\bootcampwinapi\250306_tankdefense\x64\debug\250306_t.063909cb.tlog\link.read.1.tlog
c:\users\user\source\repos\bootcampwinapi\250306_tankdefense\x64\debug\250306_t.063909cb.tlog\link.secondary.1.tlog
c:\users\user\source\repos\bootcampwinapi\250306_tankdefense\x64\debug\250306_t.063909cb.tlog\link.write.1.tlog
c:\users\user\source\repos\bootcampwinapi\250306_tankdefense\x64\debug\250306_t.063909cb.tlog\rc.command.1.tlog
c:\users\user\source\repos\bootcampwinapi\250306_tankdefense\x64\debug\250306_t.063909cb.tlog\rc.read.1.tlog
c:\users\user\source\repos\bootcampwinapi\250306_tankdefense\x64\debug\250306_t.063909cb.tlog\rc.write.1.tlog
