  main.cpp
C:\Users\user\source\repos\BootCampWinAPI\BootCampWinAPI\main.h(156,12): error C2059: 구문 오류: ')'
  (소스 파일 'main.cpp'을(를) 컴파일하는 중)
  
C:\Users\user\source\repos\BootCampWinAPI\BootCampWinAPI\main.h(156,13): error C2238: ';' 앞에 예기치 않은 토큰이 있습니다.
  (소스 파일 'main.cpp'을(를) 컴파일하는 중)
  
C:\Users\user\source\repos\BootCampWinAPI\BootCampWinAPI\main.h(166,7): error C2011: 'SmallSquare': 'class' 형식 재정의
  (소스 파일 'main.cpp'을(를) 컴파일하는 중)
      C:\Users\user\source\repos\BootCampWinAPI\BootCampWinAPI\main.h(153,7):
      'SmallSquare' 선언을 참조하십시오.
  
C:\Users\user\source\repos\BootCampWinAPI\BootCampWinAPI\main.h(182,7): error C2011: 'BigSquare': 'class' 형식 재정의
  (소스 파일 'main.cpp'을(를) 컴파일하는 중)
      C:\Users\user\source\repos\BootCampWinAPI\BootCampWinAPI\main.h(146,7):
      'BigSquare' 선언을 참조하십시오.
  
C:\Users\user\source\repos\BootCampWinAPI\BootCampWinAPI\main.cpp(34,11): error C2079: 'bigSquare'은(는) 정의되지 않은 class 'BigSquare'을(를) 사용합니다.
C:\Users\user\source\repos\BootCampWinAPI\BootCampWinAPI\main.cpp(35,13): error C2079: 'smallSquare'은(는) 정의되지 않은 class 'SmallSquare'을(를) 사용합니다.
C:\Users\user\source\repos\BootCampWinAPI\BootCampWinAPI\main.cpp(69,4): error C2065: 'gameManager': 선언되지 않은 식별자입니다.
C:\Users\user\source\repos\BootCampWinAPI\BootCampWinAPI\main.cpp(73,3): error C2065: 'gameManager': 선언되지 않은 식별자입니다.
C:\Users\user\source\repos\BootCampWinAPI\BootCampWinAPI\main.cpp(79,4): error C2065: 'gameManager': 선언되지 않은 식별자입니다.
C:\Users\user\source\repos\BootCampWinAPI\BootCampWinAPI\main.cpp(79,46): error C2109: 첨자는 배열 또는 포인터 형식을 사용해야 합니다.
C:\Users\user\source\repos\BootCampWinAPI\BootCampWinAPI\main.cpp(82,3): error C2065: 'gameManager': 선언되지 않은 식별자입니다.
C:\Users\user\source\repos\BootCampWinAPI\BootCampWinAPI\main.cpp(87,15): error C2109: 첨자는 배열 또는 포인터 형식을 사용해야 합니다.
C:\Users\user\source\repos\BootCampWinAPI\BootCampWinAPI\main.cpp(89,14): error C2109: 첨자는 배열 또는 포인터 형식을 사용해야 합니다.
C:\Users\user\source\repos\BootCampWinAPI\BootCampWinAPI\main.cpp(90,14): error C2109: 첨자는 배열 또는 포인터 형식을 사용해야 합니다.
C:\Users\user\source\repos\BootCampWinAPI\BootCampWinAPI\main.cpp(90,36): error C2109: 첨자는 배열 또는 포인터 형식을 사용해야 합니다.
C:\Users\user\source\repos\BootCampWinAPI\BootCampWinAPI\main.cpp(91,14): error C2109: 첨자는 배열 또는 포인터 형식을 사용해야 합니다.
C:\Users\user\source\repos\BootCampWinAPI\BootCampWinAPI\main.cpp(91,36): error C2109: 첨자는 배열 또는 포인터 형식을 사용해야 합니다.
C:\Users\user\source\repos\BootCampWinAPI\BootCampWinAPI\main.cpp(101,16): warning C4244: 'return': 'WPARAM'에서 'int'(으)로 변환하면서 데이터가 손실될 수 있습니다.
C:\Users\user\source\repos\BootCampWinAPI\BootCampWinAPI\main.cpp(127,30): error C2065: 'ps': 선언되지 않은 식별자입니다.
C:\Users\user\source\repos\BootCampWinAPI\BootCampWinAPI\main.cpp(132,30): error C2065: 'ps': 선언되지 않은 식별자입니다.
C:\Users\user\source\repos\BootCampWinAPI\BootCampWinAPI\main.cpp(168,19): error C2109: 첨자는 배열 또는 포인터 형식을 사용해야 합니다.
C:\Users\user\source\repos\BootCampWinAPI\BootCampWinAPI\main.cpp(170,16): error C2109: 첨자는 배열 또는 포인터 형식을 사용해야 합니다.
C:\Users\user\source\repos\BootCampWinAPI\BootCampWinAPI\main.cpp(228,19): error C2109: 첨자는 배열 또는 포인터 형식을 사용해야 합니다.
C:\Users\user\source\repos\BootCampWinAPI\BootCampWinAPI\main.cpp(229,16): error C2109: 첨자는 배열 또는 포인터 형식을 사용해야 합니다.
C:\Users\user\source\repos\BootCampWinAPI\BootCampWinAPI\main.cpp(240,29): error C2065: 'ps': 선언되지 않은 식별자입니다.
C:\Users\user\source\repos\BootCampWinAPI\BootCampWinAPI\main.cpp(258,3): error C2065: 'gameManager': 선언되지 않은 식별자입니다.
C:\Users\user\source\repos\BootCampWinAPI\BootCampWinAPI\main.cpp(259,3): error C2065: 'gameManager': 선언되지 않은 식별자입니다.
C:\Users\user\source\repos\BootCampWinAPI\BootCampWinAPI\main.cpp(263,38): warning C4267: '인수': 'size_t'에서 'int'(으)로 변환하면서 데이터가 손실될 수 있습니다.
C:\Users\user\source\repos\BootCampWinAPI\BootCampWinAPI\main.cpp(265,38): warning C4267: '인수': 'size_t'에서 'int'(으)로 변환하면서 데이터가 손실될 수 있습니다.
C:\Users\user\source\repos\BootCampWinAPI\BootCampWinAPI\main.cpp(274,3): error C2065: 'gameManager': 선언되지 않은 식별자입니다.
C:\Users\user\source\repos\BootCampWinAPI\BootCampWinAPI\main.cpp(278,15): error C2109: 첨자는 배열 또는 포인터 형식을 사용해야 합니다.
C:\Users\user\source\repos\BootCampWinAPI\BootCampWinAPI\main.cpp(283,21): error C2065: 'ps': 선언되지 않은 식별자입니다.
C:\Users\user\source\repos\BootCampWinAPI\BootCampWinAPI\main.cpp(286,23): error C2109: 첨자는 배열 또는 포인터 형식을 사용해야 합니다.
C:\Users\user\source\repos\BootCampWinAPI\BootCampWinAPI\main.cpp(618,22): error C2065: 'gameManager': 선언되지 않은 식별자입니다.
C:\Users\user\source\repos\BootCampWinAPI\BootCampWinAPI\main.cpp(618,20): error C2143: 구문 오류: ';'이(가) ':' 앞에 없습니다.
C:\Users\user\source\repos\BootCampWinAPI\BootCampWinAPI\main.cpp(618,41): error C2143: 구문 오류: ';'이(가) ')' 앞에 없습니다.
C:\Users\user\source\repos\BootCampWinAPI\BootCampWinAPI\main.cpp(628,22): error C2065: 'gameManager': 선언되지 않은 식별자입니다.
C:\Users\user\source\repos\BootCampWinAPI\BootCampWinAPI\main.cpp(628,20): error C2143: 구문 오류: ';'이(가) ':' 앞에 없습니다.
C:\Users\user\source\repos\BootCampWinAPI\BootCampWinAPI\main.cpp(628,41): error C2143: 구문 오류: ';'이(가) ')' 앞에 없습니다.
C:\Users\user\source\repos\BootCampWinAPI\BootCampWinAPI\main.cpp(632,17): error C2039: 'PointInRect': 'Destroyer'의 멤버가 아닙니다.
      C:\Users\user\source\repos\BootCampWinAPI\BootCampWinAPI\main.h(139,7):
      'Destroyer' 선언을 참조하십시오.
  
C:\Users\user\source\repos\BootCampWinAPI\BootCampWinAPI\main.cpp(632,17): error C2601: 'PointInRect': 지역 함수 정의가 잘못되었습니다.
      C:\Users\user\source\repos\BootCampWinAPI\BootCampWinAPI\main.cpp(629,2):
      이 줄에 짝이 되지 않는 '{'가 들어 있습니다.
  
C:\Users\user\source\repos\BootCampWinAPI\BootCampWinAPI\main.cpp(640,19): error C2601: 'GameManager::Render': 지역 함수 정의가 잘못되었습니다.
      C:\Users\user\source\repos\BootCampWinAPI\BootCampWinAPI\main.cpp(629,2):
      이 줄에 짝이 되지 않는 '{'가 들어 있습니다.
  
C:\Users\user\source\repos\BootCampWinAPI\BootCampWinAPI\main.cpp(648,12): error C2027: 정의되지 않은 형식 'BigSquare'을(를) 사용했습니다.
      C:\Users\user\source\repos\BootCampWinAPI\BootCampWinAPI\main.h(146,7):
      'BigSquare' 선언을 참조하십시오.
  
C:\Users\user\source\repos\BootCampWinAPI\BootCampWinAPI\main.cpp(650,2): error C3861: 'Initialize': 식별자를 찾을 수 없습니다.
C:\Users\user\source\repos\BootCampWinAPI\BootCampWinAPI\main.cpp(650,14): error C2059: 구문 오류: ';'
C:\Users\user\source\repos\BootCampWinAPI\BootCampWinAPI\main.cpp(651,2): error C2065: 'type': 선언되지 않은 식별자입니다.
C:\Users\user\source\repos\BootCampWinAPI\BootCampWinAPI\main.cpp(654,17): error C2027: 정의되지 않은 형식 'BigSquare'을(를) 사용했습니다.
      C:\Users\user\source\repos\BootCampWinAPI\BootCampWinAPI\main.h(146,7):
      'BigSquare' 선언을 참조하십시오.
  
C:\Users\user\source\repos\BootCampWinAPI\BootCampWinAPI\main.cpp(654,17): error C2601: 'Render': 지역 함수 정의가 잘못되었습니다.
      C:\Users\user\source\repos\BootCampWinAPI\BootCampWinAPI\main.cpp(629,2):
      이 줄에 짝이 되지 않는 '{'가 들어 있습니다.
  
C:\Users\user\source\repos\BootCampWinAPI\BootCampWinAPI\main.cpp(659,14): error C2027: 정의되지 않은 형식 'SmallSquare'을(를) 사용했습니다.
      C:\Users\user\source\repos\BootCampWinAPI\BootCampWinAPI\main.h(153,7):
      'SmallSquare' 선언을 참조하십시오.
  
C:\Users\user\source\repos\BootCampWinAPI\BootCampWinAPI\main.cpp(661,2): error C3861: 'Initialize': 식별자를 찾을 수 없습니다.
C:\Users\user\source\repos\BootCampWinAPI\BootCampWinAPI\main.cpp(661,14): error C2059: 구문 오류: ';'
C:\Users\user\source\repos\BootCampWinAPI\BootCampWinAPI\main.cpp(662,2): error C2065: 'type': 선언되지 않은 식별자입니다.
C:\Users\user\source\repos\BootCampWinAPI\BootCampWinAPI\main.cpp(634,19): error C2065: '_collider': 선언되지 않은 식별자입니다.
C:\Users\user\source\repos\BootCampWinAPI\BootCampWinAPI\main.cpp(634,51): error C2065: '_collider': 선언되지 않은 식별자입니다.
C:\Users\user\source\repos\BootCampWinAPI\BootCampWinAPI\main.cpp(634,84): error C2065: '_collider': 선언되지 않은 식별자입니다.
C:\Users\user\source\repos\BootCampWinAPI\BootCampWinAPI\main.cpp(634,115): error C2065: '_collider': 선언되지 않은 식별자입니다.
C:\Users\user\source\repos\BootCampWinAPI\BootCampWinAPI\main.cpp(656,2): error C3861: 'RenderRect': 식별자를 찾을 수 없습니다.
C:\Users\user\source\repos\BootCampWinAPI\BootCampWinAPI\main.cpp(665,19): error C2027: 정의되지 않은 형식 'SmallSquare'을(를) 사용했습니다.
      C:\Users\user\source\repos\BootCampWinAPI\BootCampWinAPI\main.h(153,7):
      'SmallSquare' 선언을 참조하십시오.
  
C:\Users\user\source\repos\BootCampWinAPI\BootCampWinAPI\main.cpp(667,2): error C3861: 'RenderRect': 식별자를 찾을 수 없습니다.
C:\Users\user\source\repos\BootCampWinAPI\BootCampWinAPI\main.cpp(671,17): error C2027: 정의되지 않은 형식 'BigSquare'을(를) 사용했습니다.
      C:\Users\user\source\repos\BootCampWinAPI\BootCampWinAPI\main.h(146,7):
      'BigSquare' 선언을 참조하십시오.
  
C:\Users\user\source\repos\BootCampWinAPI\BootCampWinAPI\main.cpp(673,2): error C2065: 'point': 선언되지 않은 식별자입니다.
C:\Users\user\source\repos\BootCampWinAPI\BootCampWinAPI\main.cpp(673,15): error C2065: 'point': 선언되지 않은 식별자입니다.
C:\Users\user\source\repos\BootCampWinAPI\BootCampWinAPI\main.cpp(674,2): error C2065: 'collider': 선언되지 않은 식별자입니다.
C:\Users\user\source\repos\BootCampWinAPI\BootCampWinAPI\main.cpp(674,15): error C2065: 'point': 선언되지 않은 식별자입니다.
C:\Users\user\source\repos\BootCampWinAPI\BootCampWinAPI\main.cpp(674,24): error C2065: 'point': 선언되지 않은 식별자입니다.
C:\Users\user\source\repos\BootCampWinAPI\BootCampWinAPI\main.cpp(674,33): error C2065: 'point': 선언되지 않은 식별자입니다.
C:\Users\user\source\repos\BootCampWinAPI\BootCampWinAPI\main.cpp(674,43): error C2065: 'width': 선언되지 않은 식별자입니다.
C:\Users\user\source\repos\BootCampWinAPI\BootCampWinAPI\main.cpp(674,50): error C2065: 'point': 선언되지 않은 식별자입니다.
C:\Users\user\source\repos\BootCampWinAPI\BootCampWinAPI\main.cpp(674,60): error C2065: 'width': 선언되지 않은 식별자입니다.
C:\Users\user\source\repos\BootCampWinAPI\BootCampWinAPI\main.cpp(674,11): error C3079: 이니셜라이저 목록을 이 대입 연산자의 오른쪽 피연산자로 사용할 수 없습니다.
C:\Users\user\source\repos\BootCampWinAPI\BootCampWinAPI\main.cpp(677,17): error C2027: 정의되지 않은 형식 'BigSquare'을(를) 사용했습니다.
      C:\Users\user\source\repos\BootCampWinAPI\BootCampWinAPI\main.h(146,7):
      'BigSquare' 선언을 참조하십시오.
  
C:\Users\user\source\repos\BootCampWinAPI\BootCampWinAPI\main.cpp(679,9): error C2065: 'point': 선언되지 않은 식별자입니다.
C:\Users\user\source\repos\BootCampWinAPI\BootCampWinAPI\main.cpp(679,22): error C2065: 'point': 선언되지 않은 식별자입니다.
C:\Users\user\source\repos\BootCampWinAPI\BootCampWinAPI\main.cpp(679,2): error C2660: 'SetPos': 함수는 1개의 인수를 사용하지 않습니다.
      C:\Users\user\source\repos\BootCampWinAPI\BootCampWinAPI\main.cpp(671,17):
      'SetPos' 선언을 참조하십시오.
      C:\Users\user\source\repos\BootCampWinAPI\BootCampWinAPI\main.cpp(679,2):
      인수 목록 '()'을(를) 일치시키는 동안
  
C:\Users\user\source\repos\BootCampWinAPI\BootCampWinAPI\main.cpp(682,17): error C2027: 정의되지 않은 형식 'BigSquare'을(를) 사용했습니다.
      C:\Users\user\source\repos\BootCampWinAPI\BootCampWinAPI\main.h(146,7):
      'BigSquare' 선언을 참조하십시오.
  
C:\Users\user\source\repos\BootCampWinAPI\BootCampWinAPI\main.cpp(684,19): error C2065: 'collider': 선언되지 않은 식별자입니다.
C:\Users\user\source\repos\BootCampWinAPI\BootCampWinAPI\main.cpp(684,50): error C2065: 'collider': 선언되지 않은 식별자입니다.
C:\Users\user\source\repos\BootCampWinAPI\BootCampWinAPI\main.cpp(685,19): error C2065: 'collider': 선언되지 않은 식별자입니다.
C:\Users\user\source\repos\BootCampWinAPI\BootCampWinAPI\main.cpp(685,49): error C2065: 'collider': 선언되지 않은 식별자입니다.
C:\Users\user\source\repos\BootCampWinAPI\BootCampWinAPI\main.cpp(691,17): error C2027: 정의되지 않은 형식 'BigSquare'을(를) 사용했습니다.
      C:\Users\user\source\repos\BootCampWinAPI\BootCampWinAPI\main.h(146,7):
      'BigSquare' 선언을 참조하십시오.
  
C:\Users\user\source\repos\BootCampWinAPI\BootCampWinAPI\main.cpp(693,6): error C2065: 'collider': 선언되지 않은 식별자입니다.
C:\Users\user\source\repos\BootCampWinAPI\BootCampWinAPI\main.cpp(693,35): error C2065: 'collider': 선언되지 않은 식별자입니다.
C:\Users\user\source\repos\BootCampWinAPI\BootCampWinAPI\main.cpp(694,3): error C2065: 'collider': 선언되지 않은 식별자입니다.
C:\Users\user\source\repos\BootCampWinAPI\BootCampWinAPI\main.cpp(694,32): error C2065: 'collider': 선언되지 않은 식별자입니다.
C:\Users\user\source\repos\BootCampWinAPI\BootCampWinAPI\main.cpp(702,17): error C2027: 정의되지 않은 형식 'BigSquare'을(를) 사용했습니다.
      C:\Users\user\source\repos\BootCampWinAPI\BootCampWinAPI\main.h(146,7):
      'BigSquare' 선언을 참조하십시오.
  
C:\Users\user\source\repos\BootCampWinAPI\BootCampWinAPI\main.cpp(707,17): error C2065: 'collider': 선언되지 않은 식별자입니다.
C:\Users\user\source\repos\BootCampWinAPI\BootCampWinAPI\main.cpp(707,32): error C2065: 'collider': 선언되지 않은 식별자입니다.
C:\Users\user\source\repos\BootCampWinAPI\BootCampWinAPI\main.cpp(707,46): error C2065: 'collider': 선언되지 않은 식별자입니다.
C:\Users\user\source\repos\BootCampWinAPI\BootCampWinAPI\main.cpp(707,62): error C2065: 'collider': 선언되지 않은 식별자입니다.
C:\Users\user\source\repos\BootCampWinAPI\BootCampWinAPI\main.cpp(707,2): error C2660: 'Rectangle': 함수는 1개의 인수를 사용하지 않습니다.
      C:\Program Files (x86)\Windows Kits\10\Include\10.0.22621.0\um\wingdi.h(4561,24):
      'Rectangle' 선언을 참조하십시오.
      C:\Users\user\source\repos\BootCampWinAPI\BootCampWinAPI\main.cpp(707,2):
      인수 목록 '(HDC)'을(를) 일치시키는 동안
  
C:\Users\user\source\repos\BootCampWinAPI\BootCampWinAPI\main.cpp(711,6): error C2065: 'child': 선언되지 않은 식별자입니다.
C:\Users\user\source\repos\BootCampWinAPI\BootCampWinAPI\main.cpp(713,3): error C3861: 'UpdateCheckRect': 식별자를 찾을 수 없습니다.
C:\Users\user\source\repos\BootCampWinAPI\BootCampWinAPI\main.cpp(714,18): error C2065: 'other': 선언되지 않은 식별자입니다.
C:\Users\user\source\repos\BootCampWinAPI\BootCampWinAPI\main.cpp(716,4): error C3861: 'Pass': 식별자를 찾을 수 없습니다.
C:\Users\user\source\repos\BootCampWinAPI\BootCampWinAPI\main.cpp(718,15): error C2065: 'other': 선언되지 않은 식별자입니다.
C:\Users\user\source\repos\BootCampWinAPI\BootCampWinAPI\main.cpp(718,13): error C2530: 'pc': 참조를 초기화해야 합니다.
C:\Users\user\source\repos\BootCampWinAPI\BootCampWinAPI\main.cpp(719,13): error C2065: 'width': 선언되지 않은 식별자입니다.
C:\Users\user\source\repos\BootCampWinAPI\BootCampWinAPI\main.cpp(719,30): error C2065: 'collider': 선언되지 않은 식별자입니다.
C:\Users\user\source\repos\BootCampWinAPI\BootCampWinAPI\main.cpp(720,13): error C2065: 'width': 선언되지 않은 식별자입니다.
C:\Users\user\source\repos\BootCampWinAPI\BootCampWinAPI\main.cpp(720,30): error C2065: 'collider': 선언되지 않은 식별자입니다.
C:\Users\user\source\repos\BootCampWinAPI\BootCampWinAPI\main.cpp(721,9): error C2065: 'collider': 선언되지 않은 식별자입니다.
C:\Users\user\source\repos\BootCampWinAPI\BootCampWinAPI\main.cpp(722,9): error C2065: 'collider': 선언되지 않은 식별자입니다.
C:\Users\user\source\repos\BootCampWinAPI\BootCampWinAPI\main.cpp(722,9): error C1003: 오류 수가 100개를 초과했습니다. 컴파일을 중지합니다.
